This is pdfTeX, Version 3.141592653-2.6-1.40.28 (TeX Live 2025) (preloaded format=pdflatex 2025.6.9)  15 JUN 2025 14:29
entering extended mode
 restricted \write18 enabled.
 file:line:error style messages enabled.
 %&-line parsing enabled.
**/home/vaggelis_spithas/Documents/ru/naco/projects/NaCo_Project/project/report/main.tex
(/home/vaggelis_spithas/Documents/ru/naco/projects/NaCo_Project/project/report/main.tex
LaTeX2e <2025-06-01>
L3 programming layer <2025-05-26>
(/usr/local/texlive/2025/texmf-dist/tex/latex/base/article.cls
Document Class: article 2025/01/22 v1.4n Standard LaTeX document class
(/usr/local/texlive/2025/texmf-dist/tex/latex/base/size10.clo
File: size10.clo 2025/01/22 v1.4n Standard LaTeX file (size option)
)
\c@part=\count275
\c@section=\count276
\c@subsection=\count277
\c@subsubsection=\count278
\c@paragraph=\count279
\c@subparagraph=\count280
\c@figure=\count281
\c@table=\count282
\abovecaptionskip=\skip49
\belowcaptionskip=\skip50
\bibindent=\dimen148
) (/usr/local/texlive/2025/texmf-dist/tex/latex/graphics/graphicx.sty
Package: graphicx 2024/12/31 v1.2e Enhanced LaTeX Graphics (DPC,SPQR)
 (/usr/local/texlive/2025/texmf-dist/tex/latex/graphics/keyval.sty
Package: keyval 2022/05/29 v1.15 key=value parser (DPC)
\KV@toks@=\toks17
) (/usr/local/texlive/2025/texmf-dist/tex/latex/graphics/graphics.sty
Package: graphics 2024/08/06 v1.4g Standard LaTeX Graphics (DPC,SPQR)
 (/usr/local/texlive/2025/texmf-dist/tex/latex/graphics/trig.sty
Package: trig 2023/12/02 v1.11 sin cos tan (DPC)
) (/usr/local/texlive/2025/texmf-dist/tex/latex/graphics-cfg/graphics.cfg
File: graphics.cfg 2016/06/04 v1.11 sample graphics configuration
)
Package graphics Info: Driver file: pdftex.def on input line 106.
 (/usr/local/texlive/2025/texmf-dist/tex/latex/graphics-def/pdftex.def
File: pdftex.def 2024/04/13 v1.2c Graphics/color driver for pdftex
))
\Gin@req@height=\dimen149
\Gin@req@width=\dimen150
) (/usr/local/texlive/2025/texmf-dist/tex/latex/biblatex/biblatex.sty
Package: biblatex 2024/03/21 v3.20 programmable bibliographies (PK/MW)
 (/usr/local/texlive/2025/texmf-dist/tex/generic/pdftexcmds/pdftexcmds.sty
Package: pdftexcmds 2020-06-27 v0.33 Utility functions of pdfTeX for LuaTeX (HO)
 (/usr/local/texlive/2025/texmf-dist/tex/generic/infwarerr/infwarerr.sty
Package: infwarerr 2019/12/03 v1.5 Providing info/warning/error messages (HO)
) (/usr/local/texlive/2025/texmf-dist/tex/generic/iftex/iftex.sty
Package: iftex 2024/12/12 v1.0g TeX engine tests
) (/usr/local/texlive/2025/texmf-dist/tex/generic/ltxcmds/ltxcmds.sty
Package: ltxcmds 2023-12-04 v1.26 LaTeX kernel commands for general use (HO)
)
Package pdftexcmds Info: \pdf@primitive is available.
Package pdftexcmds Info: \pdf@ifprimitive is available.
Package pdftexcmds Info: \pdfdraftmode found.
) (/usr/local/texlive/2025/texmf-dist/tex/latex/etoolbox/etoolbox.sty
Package: etoolbox 2025/02/11 v2.5l e-TeX tools for LaTeX (JAW)
\etb@tempcnta=\count283
) (/usr/local/texlive/2025/texmf-dist/tex/latex/kvoptions/kvoptions.sty
Package: kvoptions 2022-06-15 v3.15 Key value format for package options (HO)
 (/usr/local/texlive/2025/texmf-dist/tex/latex/kvsetkeys/kvsetkeys.sty
Package: kvsetkeys 2022-10-05 v1.19 Key value parser (HO)
)) (/usr/local/texlive/2025/texmf-dist/tex/latex/logreq/logreq.sty
Package: logreq 2010/08/04 v1.0 xml request logger
\lrq@indent=\count284
 (/usr/local/texlive/2025/texmf-dist/tex/latex/logreq/logreq.def
File: logreq.def 2010/08/04 v1.0 logreq spec v1.0
)) (/usr/local/texlive/2025/texmf-dist/tex/latex/base/ifthen.sty
Package: ifthen 2024/03/16 v1.1e Standard LaTeX ifthen package (DPC)
) (/usr/local/texlive/2025/texmf-dist/tex/latex/url/url.sty
\Urlmuskip=\muskip17
Package: url 2013/09/16  ver 3.4  Verb mode for urls, etc.
)
\c@tabx@nest=\count285
\c@listtotal=\count286
\c@listcount=\count287
\c@liststart=\count288
\c@liststop=\count289
\c@citecount=\count290
\c@citetotal=\count291
\c@multicitecount=\count292
\c@multicitetotal=\count293
\c@instcount=\count294
\c@maxnames=\count295
\c@minnames=\count296
\c@maxitems=\count297
\c@minitems=\count298
\c@citecounter=\count299
\c@maxcitecounter=\count300
\c@savedcitecounter=\count301
\c@uniquelist=\count302
\c@uniquename=\count303
\c@refsection=\count304
\c@refsegment=\count305
\c@maxextratitle=\count306
\c@maxextratitleyear=\count307
\c@maxextraname=\count308
\c@maxextradate=\count309
\c@maxextraalpha=\count310
\c@abbrvpenalty=\count311
\c@highnamepenalty=\count312
\c@lownamepenalty=\count313
\c@maxparens=\count314
\c@parenlevel=\count315
\blx@tempcnta=\count316
\blx@tempcntb=\count317
\blx@tempcntc=\count318
\c@blx@maxsection=\count319
\blx@maxsegment@0=\count320
\blx@notetype=\count321
\blx@parenlevel@text=\count322
\blx@parenlevel@foot=\count323
\blx@sectionciteorder@0=\count324
\blx@sectionciteorderinternal@0=\count325
\blx@entrysetcounter=\count326
\blx@biblioinstance=\count327
\labelnumberwidth=\skip51
\labelalphawidth=\skip52
\biblabelsep=\skip53
\bibitemsep=\skip54
\bibnamesep=\skip55
\bibinitsep=\skip56
\bibparsep=\skip57
\bibhang=\skip58
\blx@bcfin=\read2
\blx@bcfout=\write3
\blx@langwohyphens=\language90
\c@mincomprange=\count328
\c@maxcomprange=\count329
\c@mincompwidth=\count330
Package biblatex Info: Trying to load biblatex default data model...
Package biblatex Info: ... file 'blx-dm.def' found.
 (/usr/local/texlive/2025/texmf-dist/tex/latex/biblatex/blx-dm.def
File: blx-dm.def 2024/03/21 v3.20 biblatex datamodel (PK/MW)
)
Package biblatex Info: Trying to load biblatex custom data model...
Package biblatex Info: ... file 'biblatex-dm.cfg' not found.
\c@afterword=\count331
\c@savedafterword=\count332
\c@annotator=\count333
\c@savedannotator=\count334
\c@author=\count335
\c@savedauthor=\count336
\c@bookauthor=\count337
\c@savedbookauthor=\count338
\c@commentator=\count339
\c@savedcommentator=\count340
\c@editor=\count341
\c@savededitor=\count342
\c@editora=\count343
\c@savededitora=\count344
\c@editorb=\count345
\c@savededitorb=\count346
\c@editorc=\count347
\c@savededitorc=\count348
\c@foreword=\count349
\c@savedforeword=\count350
\c@holder=\count351
\c@savedholder=\count352
\c@introduction=\count353
\c@savedintroduction=\count354
\c@namea=\count355
\c@savednamea=\count356
\c@nameb=\count357
\c@savednameb=\count358
\c@namec=\count359
\c@savednamec=\count360
\c@translator=\count361
\c@savedtranslator=\count362
\c@shortauthor=\count363
\c@savedshortauthor=\count364
\c@shorteditor=\count365
\c@savedshorteditor=\count366
\c@labelname=\count367
\c@savedlabelname=\count368
\c@institution=\count369
\c@savedinstitution=\count370
\c@lista=\count371
\c@savedlista=\count372
\c@listb=\count373
\c@savedlistb=\count374
\c@listc=\count375
\c@savedlistc=\count376
\c@listd=\count377
\c@savedlistd=\count378
\c@liste=\count379
\c@savedliste=\count380
\c@listf=\count381
\c@savedlistf=\count382
\c@location=\count383
\c@savedlocation=\count384
\c@organization=\count385
\c@savedorganization=\count386
\c@origlocation=\count387
\c@savedoriglocation=\count388
\c@origpublisher=\count389
\c@savedorigpublisher=\count390
\c@publisher=\count391
\c@savedpublisher=\count392
\c@language=\count393
\c@savedlanguage=\count394
\c@origlanguage=\count395
\c@savedoriglanguage=\count396
\c@pageref=\count397
\c@savedpageref=\count398
\shorthandwidth=\skip59
\shortjournalwidth=\skip60
\shortserieswidth=\skip61
\shorttitlewidth=\skip62
\shortauthorwidth=\skip63
\shorteditorwidth=\skip64
\locallabelnumberwidth=\skip65
\locallabelalphawidth=\skip66
\localshorthandwidth=\skip67
\localshortjournalwidth=\skip68
\localshortserieswidth=\skip69
\localshorttitlewidth=\skip70
\localshortauthorwidth=\skip71
\localshorteditorwidth=\skip72
Package biblatex Info: Trying to load compatibility code...
Package biblatex Info: ... file 'blx-compat.def' found.
 (/usr/local/texlive/2025/texmf-dist/tex/latex/biblatex/blx-compat.def
File: blx-compat.def 2024/03/21 v3.20 biblatex compatibility (PK/MW)
)
Package biblatex Info: Trying to load generic definitions...
Package biblatex Info: ... file 'biblatex.def' found.
 (/usr/local/texlive/2025/texmf-dist/tex/latex/biblatex/biblatex.def
File: biblatex.def 2024/03/21 v3.20 biblatex compatibility (PK/MW)
\c@textcitecount=\count399
\c@textcitetotal=\count400
\c@textcitemaxnames=\count401
\c@biburlbigbreakpenalty=\count402
\c@biburlbreakpenalty=\count403
\c@biburlnumpenalty=\count404
\c@biburlucpenalty=\count405
\c@biburllcpenalty=\count406
\biburlbigskip=\muskip18
\biburlnumskip=\muskip19
\biburlucskip=\muskip20
\biburllcskip=\muskip21
\c@smartand=\count407
)
Package biblatex Info: Trying to load bibliography style 'numeric'...
Package biblatex Info: ... file 'numeric.bbx' found.
 (/usr/local/texlive/2025/texmf-dist/tex/latex/biblatex/bbx/numeric.bbx
File: numeric.bbx 2024/03/21 v3.20 biblatex bibliography style (PK/MW)
Package biblatex Info: Trying to load bibliography style 'standard'...
Package biblatex Info: ... file 'standard.bbx' found.
 (/usr/local/texlive/2025/texmf-dist/tex/latex/biblatex/bbx/standard.bbx
File: standard.bbx 2024/03/21 v3.20 biblatex bibliography style (PK/MW)
\c@bbx:relatedcount=\count408
\c@bbx:relatedtotal=\count409
))
Package biblatex Info: Trying to load citation style 'numeric'...
Package biblatex Info: ... file 'numeric.cbx' found.
 (/usr/local/texlive/2025/texmf-dist/tex/latex/biblatex/cbx/numeric.cbx
File: numeric.cbx 2024/03/21 v3.20 biblatex citation style (PK/MW)
Package biblatex Info: Redefining '\cite'.
Package biblatex Info: Redefining '\parencite'.
Package biblatex Info: Redefining '\footcite'.
Package biblatex Info: Redefining '\footcitetext'.
Package biblatex Info: Redefining '\smartcite'.
Package biblatex Info: Redefining '\supercite'.
Package biblatex Info: Redefining '\textcite'.
Package biblatex Info: Redefining '\textcites'.
Package biblatex Info: Redefining '\cites'.
Package biblatex Info: Redefining '\parencites'.
Package biblatex Info: Redefining '\smartcites'.
)
Package biblatex Info: Trying to load configuration file...
Package biblatex Info: ... file 'biblatex.cfg' found.
 (/usr/local/texlive/2025/texmf-dist/tex/latex/biblatex/biblatex.cfg
File: biblatex.cfg 
)
Package biblatex Info: Input encoding 'utf8' detected.
Package biblatex Info: Document encoding is UTF8 ....
 (/usr/local/texlive/2025/texmf-dist/tex/latex/l3kernel/expl3.sty
Package: expl3 2025-05-26 L3 programming layer (loader) 
 (/usr/local/texlive/2025/texmf-dist/tex/latex/l3backend/l3backend-pdftex.def
File: l3backend-pdftex.def 2025-04-14 L3 backend support: PDF output (pdfTeX)
\l__color_backend_stack_int=\count410
))
Package biblatex Info: ... and expl3
(biblatex)             2025-05-26 L3 programming layer (loader) 
(biblatex)             is new enough (at least 2020/04/06),
(biblatex)             setting 'casechanger=expl3'.
 (/usr/local/texlive/2025/texmf-dist/tex/latex/biblatex/blx-case-expl3.sty (/usr/local/texlive/2025/texmf-dist/tex/latex/l3packages/xparse/xparse.sty
Package: xparse 2024-08-16 L3 Experimental document command parser
)
Package: blx-case-expl3 2024/03/21 v3.20 expl3 case changing code for biblatex
)) (/usr/local/texlive/2025/texmf-dist/tex/latex/hyperref/hyperref.sty
Package: hyperref 2025-05-20 v7.01m Hypertext links for LaTeX
 (/usr/local/texlive/2025/texmf-dist/tex/generic/kvdefinekeys/kvdefinekeys.sty
Package: kvdefinekeys 2019-12-19 v1.6 Define keys (HO)
) (/usr/local/texlive/2025/texmf-dist/tex/generic/pdfescape/pdfescape.sty
Package: pdfescape 2019/12/09 v1.15 Implements pdfTeX's escape features (HO)
) (/usr/local/texlive/2025/texmf-dist/tex/latex/hycolor/hycolor.sty
Package: hycolor 2020-01-27 v1.10 Color options for hyperref/bookmark (HO)
) (/usr/local/texlive/2025/texmf-dist/tex/latex/hyperref/nameref.sty
Package: nameref 2023-11-26 v2.56 Cross-referencing by name of section
 (/usr/local/texlive/2025/texmf-dist/tex/latex/refcount/refcount.sty
Package: refcount 2019/12/15 v3.6 Data extraction from label references (HO)
) (/usr/local/texlive/2025/texmf-dist/tex/generic/gettitlestring/gettitlestring.sty
Package: gettitlestring 2019/12/15 v1.6 Cleanup title references (HO)
)
\c@section@level=\count411
) (/usr/local/texlive/2025/texmf-dist/tex/generic/stringenc/stringenc.sty
Package: stringenc 2019/11/29 v1.12 Convert strings between diff. encodings (HO)
)
\@linkdim=\dimen151
\Hy@linkcounter=\count412
\Hy@pagecounter=\count413
 (/usr/local/texlive/2025/texmf-dist/tex/latex/hyperref/pd1enc.def
File: pd1enc.def 2025-05-20 v7.01m Hyperref: PDFDocEncoding definition (HO)
Now handling font encoding PD1 ...
... no UTF-8 mapping file for font encoding PD1
) (/usr/local/texlive/2025/texmf-dist/tex/generic/intcalc/intcalc.sty
Package: intcalc 2019/12/15 v1.3 Expandable calculations with integers (HO)
)
\Hy@SavedSpaceFactor=\count414
 (/usr/local/texlive/2025/texmf-dist/tex/latex/hyperref/puenc.def
File: puenc.def 2025-05-20 v7.01m Hyperref: PDF Unicode definition (HO)
Now handling font encoding PU ...
... no UTF-8 mapping file for font encoding PU
)
Package hyperref Info: Hyper figures OFF on input line 4157.
Package hyperref Info: Link nesting OFF on input line 4162.
Package hyperref Info: Hyper index ON on input line 4165.
Package hyperref Info: Plain pages OFF on input line 4172.
Package hyperref Info: Backreferencing OFF on input line 4177.
Package hyperref Info: Implicit mode ON; LaTeX internals redefined.
Package hyperref Info: Bookmarks ON on input line 4424.
\c@Hy@tempcnt=\count415
LaTeX Info: Redefining \url on input line 4763.
\XeTeXLinkMargin=\dimen152
 (/usr/local/texlive/2025/texmf-dist/tex/generic/bitset/bitset.sty
Package: bitset 2019/12/09 v1.3 Handle bit-vector datatype (HO)
 (/usr/local/texlive/2025/texmf-dist/tex/generic/bigintcalc/bigintcalc.sty
Package: bigintcalc 2019/12/15 v1.5 Expandable calculations on big integers (HO)
))
\Fld@menulength=\count416
\Field@Width=\dimen153
\Fld@charsize=\dimen154
Package hyperref Info: Hyper figures OFF on input line 6042.
Package hyperref Info: Link nesting OFF on input line 6047.
Package hyperref Info: Hyper index ON on input line 6050.
Package hyperref Info: backreferencing OFF on input line 6057.
Package hyperref Info: Link coloring OFF on input line 6062.
Package hyperref Info: Link coloring with OCG OFF on input line 6067.
Package hyperref Info: PDF/A mode OFF on input line 6072.
 (/usr/local/texlive/2025/texmf-dist/tex/latex/base/atbegshi-ltx.sty
Package: atbegshi-ltx 2021/01/10 v1.0c Emulation of the original atbegshi
package with kernel methods
)
\Hy@abspage=\count417
\c@Item=\count418
\c@Hfootnote=\count419
)
Package hyperref Info: Driver (autodetected): hpdftex.
 (/usr/local/texlive/2025/texmf-dist/tex/latex/hyperref/hpdftex.def
File: hpdftex.def 2025-05-20 v7.01m Hyperref driver for pdfTeX
\Fld@listcount=\count420
\c@bookmark@seq@number=\count421
 (/usr/local/texlive/2025/texmf-dist/tex/latex/rerunfilecheck/rerunfilecheck.sty
Package: rerunfilecheck 2022-07-10 v1.10 Rerun checks for auxiliary files (HO)
 (/usr/local/texlive/2025/texmf-dist/tex/latex/base/atveryend-ltx.sty
Package: atveryend-ltx 2020/08/19 v1.0a Emulation of the original atveryend package
with kernel methods
) (/usr/local/texlive/2025/texmf-dist/tex/generic/uniquecounter/uniquecounter.sty
Package: uniquecounter 2019/12/15 v1.4 Provide unlimited unique counter (HO)
)
Package uniquecounter Info: New unique counter `rerunfilecheck' on input line 285.
)
\Hy@SectionHShift=\skip73
) (/usr/local/texlive/2025/texmf-dist/tex/latex/amsmath/amsmath.sty
Package: amsmath 2025/05/18 v2.17x AMS math features
\@mathmargin=\skip74

For additional information on amsmath, use the `?' option.
(/usr/local/texlive/2025/texmf-dist/tex/latex/amsmath/amstext.sty
Package: amstext 2024/11/17 v2.01 AMS text
 (/usr/local/texlive/2025/texmf-dist/tex/latex/amsmath/amsgen.sty
File: amsgen.sty 1999/11/30 v2.0 generic functions
\@emptytoks=\toks18
\ex@=\dimen155
)) (/usr/local/texlive/2025/texmf-dist/tex/latex/amsmath/amsbsy.sty
Package: amsbsy 1999/11/29 v1.2d Bold Symbols
\pmbraise@=\dimen156
) (/usr/local/texlive/2025/texmf-dist/tex/latex/amsmath/amsopn.sty
Package: amsopn 2022/04/08 v2.04 operator names
)
\inf@bad=\count422
LaTeX Info: Redefining \frac on input line 233.
\uproot@=\count423
\leftroot@=\count424
LaTeX Info: Redefining \overline on input line 398.
LaTeX Info: Redefining \colon on input line 409.
\classnum@=\count425
\DOTSCASE@=\count426
LaTeX Info: Redefining \ldots on input line 495.
LaTeX Info: Redefining \dots on input line 498.
LaTeX Info: Redefining \cdots on input line 619.
\Mathstrutbox@=\box53
\strutbox@=\box54
LaTeX Info: Redefining \big on input line 721.
LaTeX Info: Redefining \Big on input line 722.
LaTeX Info: Redefining \bigg on input line 723.
LaTeX Info: Redefining \Bigg on input line 724.
\big@size=\dimen157
LaTeX Font Info:    Redeclaring font encoding OML on input line 742.
LaTeX Font Info:    Redeclaring font encoding OMS on input line 743.
\macc@depth=\count427
LaTeX Info: Redefining \bmod on input line 904.
LaTeX Info: Redefining \pmod on input line 909.
LaTeX Info: Redefining \smash on input line 939.
LaTeX Info: Redefining \relbar on input line 969.
LaTeX Info: Redefining \Relbar on input line 970.
\c@MaxMatrixCols=\count428
\dotsspace@=\muskip22
\c@parentequation=\count429
\dspbrk@lvl=\count430
\tag@help=\toks19
\row@=\count431
\column@=\count432
\maxfields@=\count433
\andhelp@=\toks20
\eqnshift@=\dimen158
\alignsep@=\dimen159
\tagshift@=\dimen160
\tagwidth@=\dimen161
\totwidth@=\dimen162
\lineht@=\dimen163
\@envbody=\toks21
\multlinegap=\skip75
\multlinetaggap=\skip76
\mathdisplay@stack=\toks22
LaTeX Info: Redefining \[ on input line 2949.
LaTeX Info: Redefining \] on input line 2950.
) (/usr/local/texlive/2025/texmf-dist/tex/latex/amsfonts/amssymb.sty
Package: amssymb 2013/01/14 v3.01 AMS font symbols
 (/usr/local/texlive/2025/texmf-dist/tex/latex/amsfonts/amsfonts.sty
Package: amsfonts 2013/01/14 v3.01 Basic AMSFonts support
\symAMSa=\mathgroup4
\symAMSb=\mathgroup5
LaTeX Font Info:    Redeclaring math symbol \hbar on input line 98.
LaTeX Font Info:    Overwriting math alphabet `\mathfrak' in version `bold'
(Font)                  U/euf/m/n --> U/euf/b/n on input line 106.
)) (/usr/local/texlive/2025/texmf-dist/tex/latex/caption/caption.sty
Package: caption 2023/08/05 v3.6o Customizing captions (AR)
 (/usr/local/texlive/2025/texmf-dist/tex/latex/caption/caption3.sty
Package: caption3 2023/07/31 v2.4d caption3 kernel (AR)
\caption@tempdima=\dimen164
\captionmargin=\dimen165
\caption@leftmargin=\dimen166
\caption@rightmargin=\dimen167
\caption@width=\dimen168
\caption@indent=\dimen169
\caption@parindent=\dimen170
\caption@hangindent=\dimen171
Package caption Info: Standard document class detected.
)
\c@caption@flags=\count434
\c@continuedfloat=\count435
Package caption Info: hyperref package is loaded.
) (/usr/local/texlive/2025/texmf-dist/tex/latex/caption/subcaption.sty
Package: subcaption 2023/07/28 v1.6b Sub-captions (AR)
Package caption Info: New subtype `subfigure' on input line 238.
\c@subfigure=\count436
Package caption Info: New subtype `subtable' on input line 238.
\c@subtable=\count437
)
\@quotelevel=\count438
\@quotereset=\count439
 (./main.aux)
\openout1 = `main.aux'.

LaTeX Font Info:    Checking defaults for OML/cmm/m/it on input line 18.
LaTeX Font Info:    ... okay on input line 18.
LaTeX Font Info:    Checking defaults for OMS/cmsy/m/n on input line 18.
LaTeX Font Info:    ... okay on input line 18.
LaTeX Font Info:    Checking defaults for OT1/cmr/m/n on input line 18.
LaTeX Font Info:    ... okay on input line 18.
LaTeX Font Info:    Checking defaults for T1/cmr/m/n on input line 18.
LaTeX Font Info:    ... okay on input line 18.
LaTeX Font Info:    Checking defaults for TS1/cmr/m/n on input line 18.
LaTeX Font Info:    ... okay on input line 18.
LaTeX Font Info:    Checking defaults for OMX/cmex/m/n on input line 18.
LaTeX Font Info:    ... okay on input line 18.
LaTeX Font Info:    Checking defaults for U/cmr/m/n on input line 18.
LaTeX Font Info:    ... okay on input line 18.
LaTeX Font Info:    Checking defaults for PD1/pdf/m/n on input line 18.
LaTeX Font Info:    ... okay on input line 18.
LaTeX Font Info:    Checking defaults for PU/pdf/m/n on input line 18.
LaTeX Font Info:    ... okay on input line 18.
 (/usr/local/texlive/2025/texmf-dist/tex/context/base/mkii/supp-pdf.mkii
[Loading MPS to PDF converter (version 2006.09.02).]
\scratchcounter=\count440
\scratchdimen=\dimen172
\scratchbox=\box55
\nofMPsegments=\count441
\nofMParguments=\count442
\everyMPshowfont=\toks23
\MPscratchCnt=\count443
\MPscratchDim=\dimen173
\MPnumerator=\count444
\makeMPintoPDFobject=\count445
\everyMPtoPDFconversion=\toks24
) (/usr/local/texlive/2025/texmf-dist/tex/latex/epstopdf-pkg/epstopdf-base.sty
Package: epstopdf-base 2020-01-24 v2.11 Base part for package epstopdf
Package epstopdf-base Info: Redefining graphics rule for `.eps' on input line 485.
 (/usr/local/texlive/2025/texmf-dist/tex/latex/latexconfig/epstopdf-sys.cfg
File: epstopdf-sys.cfg 2010/07/13 v1.3 Configuration of (r)epstopdf for TeX Live
))
Package biblatex Info: Trying to load language 'english'...
Package biblatex Info: ... file 'english.lbx' found.
 (/usr/local/texlive/2025/texmf-dist/tex/latex/biblatex/lbx/english.lbx
File: english.lbx 2024/03/21 v3.20 biblatex localization (PK/MW)
)
Package biblatex Info: Input encoding 'utf8' detected.
Package biblatex Info: Automatic encoding selection.
(biblatex)             Assuming data encoding 'utf8'.
\openout3 = `main.bcf'.

Package biblatex Info: Trying to load bibliographic data...
Package biblatex Info: ... file 'main.bbl' found.
 (./main.bbl)
Package biblatex Info: Reference section=0 on input line 18.
Package biblatex Info: Reference segment=0 on input line 18.
Package hyperref Info: Link coloring OFF on input line 18.
 (./main.out) (./main.out)
\@outlinefile=\write4
\openout4 = `main.out'.

Package caption Info: Begin \AtBeginDocument code.
Package caption Info: End \AtBeginDocument code.
LaTeX Font Info:    Trying to load font information for U+msa on input line 21.
 (/usr/local/texlive/2025/texmf-dist/tex/latex/amsfonts/umsa.fd
File: umsa.fd 2013/01/14 v3.01 AMS symbols A
)
LaTeX Font Info:    Trying to load font information for U+msb on input line 21.
 (/usr/local/texlive/2025/texmf-dist/tex/latex/amsfonts/umsb.fd
File: umsb.fd 2013/01/14 v3.01 AMS symbols B
)

[1

{/usr/local/texlive/2025/texmf-var/fonts/map/pdftex/updmap/pdftex.map}]
Underfull \hbox (badness 10000) in paragraph at lines 59--64

 []



[2]

[3]
Overfull \hbox (12.62746pt too wide) in paragraph at lines 139--143
\OT1/cmr/m/n/10 vided by []$\OT1/cmtt/m/n/10 https : / / johannes-[]textor . name / negativeselection . html$[]\OT1/cmr/m/n/10 . The train-
 []



[4{/usr/local/texlive/2025/texmf-dist/fonts/enc/dvips/cm-super/cm-super-ts1.enc}]

[5]

[6]
<images/fitness_over_gens.jpeg, id=143, 589.20125pt x 456.70625pt>
File: images/fitness_over_gens.jpeg Graphic file (type jpg)
<use images/fitness_over_gens.jpeg>
Package pdftex.def Info: images/fitness_over_gens.jpeg  used on input line 226.
(pdftex.def)             Requested size: 258.75pt x 200.56808pt.


[7 <./images/fitness_over_gens.jpeg>]

[8]
<images/english_hiligayon_random.png, id=162, 875.1897pt x 224.7597pt>
File: images/english_hiligayon_random.png Graphic file (type png)
<use images/english_hiligayon_random.png>
Package pdftex.def Info: images/english_hiligayon_random.png  used on input line 311.
(pdftex.def)             Requested size: 345.0pt x 88.59904pt.
<images/english_latin_random.png, id=164, 875.1897pt x 224.7597pt>
File: images/english_latin_random.png Graphic file (type png)
<use images/english_latin_random.png>
Package pdftex.def Info: images/english_latin_random.png  used on input line 317.
(pdftex.def)             Requested size: 345.0pt x 88.59904pt.
<images/english_middle_neglish_random.png, id=165, 875.1897pt x 224.7597pt>
File: images/english_middle_neglish_random.png Graphic file (type png)
<use images/english_middle_neglish_random.png>
Package pdftex.def Info: images/english_middle_neglish_random.png  used on input line 323.
(pdftex.def)             Requested size: 345.0pt x 88.59904pt.
<images/english_platudietsch_random.png, id=166, 875.1897pt x 224.7597pt>
File: images/english_platudietsch_random.png Graphic file (type png)
<use images/english_platudietsch_random.png>
Package pdftex.def Info: images/english_platudietsch_random.png  used on input line 329.
(pdftex.def)             Requested size: 345.0pt x 88.59904pt.
<images/english_tagalog_random.png, id=167, 875.1897pt x 224.7597pt>
File: images/english_tagalog_random.png Graphic file (type png)
<use images/english_tagalog_random.png>
Package pdftex.def Info: images/english_tagalog_random.png  used on input line 335.
(pdftex.def)             Requested size: 345.0pt x 88.59904pt.
<images/english_xhosa_random.png, id=168, 875.1897pt x 224.7597pt>
File: images/english_xhosa_random.png Graphic file (type png)
<use images/english_xhosa_random.png>
Package pdftex.def Info: images/english_xhosa_random.png  used on input line 341.
(pdftex.def)             Requested size: 345.0pt x 88.59904pt.


LaTeX Warning: Float too large for page by 92.59427pt on input line 347.

<images/english_hiligayon_greedy.png, id=169, 875.1897pt x 224.7597pt>
File: images/english_hiligayon_greedy.png Graphic file (type png)
<use images/english_hiligayon_greedy.png>
Package pdftex.def Info: images/english_hiligayon_greedy.png  used on input line 352.
(pdftex.def)             Requested size: 345.0pt x 88.59904pt.
<images/english_latin_greedy.png, id=170, 875.1897pt x 224.7597pt>
File: images/english_latin_greedy.png Graphic file (type png)
<use images/english_latin_greedy.png>
Package pdftex.def Info: images/english_latin_greedy.png  used on input line 358.
(pdftex.def)             Requested size: 345.0pt x 88.59904pt.
<images/english_middle_neglish_greedy.png, id=171, 875.1897pt x 224.7597pt>
File: images/english_middle_neglish_greedy.png Graphic file (type png)
<use images/english_middle_neglish_greedy.png>
Package pdftex.def Info: images/english_middle_neglish_greedy.png  used on input line 364.
(pdftex.def)             Requested size: 345.0pt x 88.59904pt.
<images/english_platudietsch_greedy.png, id=172, 875.1897pt x 224.7597pt>
File: images/english_platudietsch_greedy.png Graphic file (type png)
<use images/english_platudietsch_greedy.png>
Package pdftex.def Info: images/english_platudietsch_greedy.png  used on input line 370.
(pdftex.def)             Requested size: 345.0pt x 88.59904pt.
<images/english_tagalog_greedy.png, id=173, 875.1897pt x 224.7597pt>
File: images/english_tagalog_greedy.png Graphic file (type png)
<use images/english_tagalog_greedy.png>
Package pdftex.def Info: images/english_tagalog_greedy.png  used on input line 376.
(pdftex.def)             Requested size: 345.0pt x 88.59904pt.
<images/english_xhosa_greedy.png, id=174, 875.1897pt x 224.7597pt>
File: images/english_xhosa_greedy.png Graphic file (type png)
<use images/english_xhosa_greedy.png>
Package pdftex.def Info: images/english_xhosa_greedy.png  used on input line 382.
(pdftex.def)             Requested size: 345.0pt x 88.59904pt.

LaTeX Warning: Float too large for page by 92.59427pt on input line 388.

<images/english_hiligayon_ea.png, id=175, 875.1897pt x 224.7597pt>
File: images/english_hiligayon_ea.png Graphic file (type png)
<use images/english_hiligayon_ea.png>
Package pdftex.def Info: images/english_hiligayon_ea.png  used on input line 393.
(pdftex.def)             Requested size: 345.0pt x 88.59904pt.
<images/english_latin_ea.png, id=176, 875.1897pt x 224.7597pt>
File: images/english_latin_ea.png Graphic file (type png)
<use images/english_latin_ea.png>
Package pdftex.def Info: images/english_latin_ea.png  used on input line 399.
(pdftex.def)             Requested size: 345.0pt x 88.59904pt.
<images/english_middle_neglish_ea.png, id=177, 875.1897pt x 224.7597pt>
File: images/english_middle_neglish_ea.png Graphic file (type png)
<use images/english_middle_neglish_ea.png>
Package pdftex.def Info: images/english_middle_neglish_ea.png  used on input line 405.
(pdftex.def)             Requested size: 345.0pt x 88.59904pt.
<images/english_platudietsch_ea.png, id=178, 875.1897pt x 224.7597pt>
File: images/english_platudietsch_ea.png Graphic file (type png)
<use images/english_platudietsch_ea.png>
Package pdftex.def Info: images/english_platudietsch_ea.png  used on input line 411.
(pdftex.def)             Requested size: 345.0pt x 88.59904pt.
<images/english_tagalog_ea.png, id=179, 875.1897pt x 224.7597pt>
File: images/english_tagalog_ea.png Graphic file (type png)
<use images/english_tagalog_ea.png>
Package pdftex.def Info: images/english_tagalog_ea.png  used on input line 417.
(pdftex.def)             Requested size: 345.0pt x 88.59904pt.
<images/english_xhosa_ea.png, id=180, 875.1897pt x 224.7597pt>
File: images/english_xhosa_ea.png Graphic file (type png)
<use images/english_xhosa_ea.png>
Package pdftex.def Info: images/english_xhosa_ea.png  used on input line 423.
(pdftex.def)             Requested size: 345.0pt x 88.59904pt.

LaTeX Warning: Float too large for page by 92.59427pt on input line 429.

<images/ebola_random.png, id=181, 875.1897pt x 224.7597pt>
File: images/ebola_random.png Graphic file (type png)
<use images/ebola_random.png>
Package pdftex.def Info: images/ebola_random.png  used on input line 434.
(pdftex.def)             Requested size: 345.0pt x 88.59904pt.
<images/hepb_random.png, id=182, 875.1897pt x 224.7597pt>
File: images/hepb_random.png Graphic file (type png)
<use images/hepb_random.png>
Package pdftex.def Info: images/hepb_random.png  used on input line 440.
(pdftex.def)             Requested size: 345.0pt x 88.59904pt.
<images/hiv_random.png, id=183, 875.1897pt x 224.7597pt>
File: images/hiv_random.png Graphic file (type png)
<use images/hiv_random.png>
Package pdftex.def Info: images/hiv_random.png  used on input line 446.
(pdftex.def)             Requested size: 345.0pt x 88.59904pt.
<images/ebola_greedy.png, id=184, 875.1897pt x 224.7597pt>
File: images/ebola_greedy.png Graphic file (type png)
<use images/ebola_greedy.png>
Package pdftex.def Info: images/ebola_greedy.png  used on input line 457.
(pdftex.def)             Requested size: 345.0pt x 88.59904pt.
<images/hepb_greedy.png, id=185, 875.1897pt x 224.7597pt>
File: images/hepb_greedy.png Graphic file (type png)
<use images/hepb_greedy.png>
Package pdftex.def Info: images/hepb_greedy.png  used on input line 463.
(pdftex.def)             Requested size: 345.0pt x 88.59904pt.
<images/hiv_greedy.png, id=186, 875.1897pt x 224.7597pt>
File: images/hiv_greedy.png Graphic file (type png)
<use images/hiv_greedy.png>
Package pdftex.def Info: images/hiv_greedy.png  used on input line 469.
(pdftex.def)             Requested size: 345.0pt x 88.59904pt.
<images/ebola_ea.png, id=187, 875.1897pt x 224.7597pt>
File: images/ebola_ea.png Graphic file (type png)
<use images/ebola_ea.png>
Package pdftex.def Info: images/ebola_ea.png  used on input line 480.
(pdftex.def)             Requested size: 345.0pt x 88.59904pt.
<images/hepb_ea.png, id=188, 875.1897pt x 224.7597pt>
File: images/hepb_ea.png Graphic file (type png)
<use images/hepb_ea.png>
Package pdftex.def Info: images/hepb_ea.png  used on input line 486.
(pdftex.def)             Requested size: 345.0pt x 88.59904pt.
<images/hiv_ea.png, id=189, 875.1897pt x 224.7597pt>
File: images/hiv_ea.png Graphic file (type png)
<use images/hiv_ea.png>
Package pdftex.def Info: images/hiv_ea.png  used on input line 492.
(pdftex.def)             Requested size: 345.0pt x 88.59904pt.


[9]

[10 <./images/english_hiligayon_random.png> <./images/english_latin_random.png> <./images/english_middle_neglish_random.png> <./images/english_platudietsch_random.png> <./images/english_tagalog_random.png> <./images/english_xhosa_random.png>]

[11 <./images/english_hiligayon_greedy.png> <./images/english_latin_greedy.png> <./images/english_middle_neglish_greedy.png> <./images/english_platudietsch_greedy.png> <./images/english_tagalog_greedy.png> <./images/english_xhosa_greedy.png>]

[12 <./images/english_hiligayon_ea.png> <./images/english_latin_ea.png> <./images/english_middle_neglish_ea.png> <./images/english_platudietsch_ea.png> <./images/english_tagalog_ea.png> <./images/english_xhosa_ea.png>]

[13 <./images/ebola_random.png> <./images/hepb_random.png> <./images/hiv_random.png>]

[14 <./images/ebola_greedy.png> <./images/hepb_greedy.png> <./images/hiv_greedy.png>]

[15 <./images/ebola_ea.png> <./images/hepb_ea.png> <./images/hiv_ea.png>] (./main.aux)
 ***********
LaTeX2e <2025-06-01>
L3 programming layer <2025-05-26>
 ***********
Package rerunfilecheck Info: File `main.out' has not changed.
(rerunfilecheck)             Checksum: 3688E51A302D1F30904B75D0DE1B3627;2480.
Package logreq Info: Writing requests to 'main.run.xml'.
\openout1 = `main.run.xml'.

 ) 
Here is how much of TeX's memory you used:
 18738 strings out of 467892
 331533 string characters out of 5434150
 1155423 words of memory out of 5000000
 47070 multiletter control sequences out of 15000+600000
 635537 words of font info for 74 fonts, out of 8000000 for 9000
 1141 hyphenation exceptions out of 8191
 63i,9n,67p,781b,1440s stack positions out of 10000i,1000n,20000p,200000b,200000s
</usr/local/texlive/2025/texmf-dist/fonts/type1/public/amsfonts/cm/cmbx10.pfb></usr/local/texlive/2025/texmf-dist/fonts/type1/public/amsfonts/cm/cmbx12.pfb></usr/local/texlive/2025/texmf-dist/fonts/type1/public/amsfonts/cm/cmmi10.pfb></usr/local/texlive/2025/texmf-dist/fonts/type1/public/amsfonts/cm/cmmi7.pfb></usr/local/texlive/2025/texmf-dist/fonts/type1/public/amsfonts/cm/cmr10.pfb></usr/local/texlive/2025/texmf-dist/fonts/type1/public/amsfonts/cm/cmr12.pfb></usr/local/texlive/2025/texmf-dist/fonts/type1/public/amsfonts/cm/cmr17.pfb></usr/local/texlive/2025/texmf-dist/fonts/type1/public/amsfonts/cm/cmr7.pfb></usr/local/texlive/2025/texmf-dist/fonts/type1/public/amsfonts/cm/cmsy10.pfb></usr/local/texlive/2025/texmf-dist/fonts/type1/public/amsfonts/cm/cmti10.pfb></usr/local/texlive/2025/texmf-dist/fonts/type1/public/amsfonts/cm/cmtt10.pfb></usr/local/texlive/2025/texmf-dist/fonts/type1/public/cm-super/sfrm1000.pfb>
Output written on main.pdf (15 pages, 1099291 bytes).
PDF statistics:
 314 PDF objects out of 1000 (max. 8388607)
 215 compressed objects within 3 object streams
 47 named destinations out of 1000 (max. 500000)
 301 words of extra memory for PDF output out of 10000 (max. 10000000)

